<?xml version="1.0" encoding="UTF-8"?>
<!-- Generated by org.testng.reporters.JUnitXMLReporter -->
<testsuite hostname="Ashwani_Singh" name="Default test" tests="4" failures="0" timestamp="28 Sep 2022 07:35:44 GMT" time="108.745" errors="0">
  <testcase name="playFrmSubscriptionTab" time="1.643" classname="ashwani.TestCasePackage.TestCase1"/>
  <testcase name="playMusicOnYoutube" time="0.002" classname="ashwani.TestCasePackage.TestCase1">
    <skipped/>
  </testcase> <!-- playMusicOnYoutube -->
  <testcase name="searchandPlay" time="12.629" classname="ashwani.TestCasePackage.TestCase1"/>
  <testcase name="sortComments" time="19.474" classname="ashwani.TestCasePackage.TestCase1"/>
</testsuite> <!-- Default test -->
