<?xml version="1.0" encoding="UTF-8"?>
<!-- Generated by org.testng.reporters.JUnitXMLReporter -->
<testsuite hostname="Ashwani_Singh" name="Test4" tests="4" failures="0" timestamp="28 Sep 2022 13:07:27 GMT" time="132.751" errors="0">
  <testcase name="playFrmSubscriptionTab" time="1.952" classname="ashwani.TestCasePackage.TestCase1"/>
  <testcase name="playMusicOnYoutube" time="0.001" classname="ashwani.TestCasePackage.TestCase1">
    <skipped/>
  </testcase> <!-- playMusicOnYoutube -->
  <testcase name="searchandPlay" time="9.566" classname="ashwani.TestCasePackage.TestCase1"/>
  <testcase name="sortComments" time="16.125" classname="ashwani.TestCasePackage.TestCase1"/>
</testsuite> <!-- Test4 -->
