<?xml version="1.0" encoding="UTF-8"?>
<!-- Generated by org.testng.reporters.JUnitXMLReporter -->
<testsuite hostname="Ashwani_Singh" name="Test4" tests="4" failures="0" timestamp="29 Sep 2022 12:12:50 GMT" time="72.705" errors="0">
  <testcase name="playFrmSubscriptionTab" time="2.44" classname="ashwani.TestCasePackage.TestCase1"/>
  <testcase name="playMusicOnYoutube" time="0.003" classname="ashwani.TestCasePackage.TestCase1">
    <skipped/>
  </testcase> <!-- playMusicOnYoutube -->
  <testcase name="searchandPlay" time="12.275" classname="ashwani.TestCasePackage.TestCase1"/>
  <testcase name="sortComments" time="14.547" classname="ashwani.TestCasePackage.TestCase1"/>
</testsuite> <!-- Test4 -->
