<?xml version="1.0" encoding="UTF-8" ?>
<testsuite tests="6" failures="1" name="TestSuite" time="70.622" errors="0" skipped="1">
  <properties>
[...]
</properties>
  <testcase classname="ashwani.TestCasePackage.TestCase1" name="playFrmSubscriptionTab" time="2.966"/>
  <testcase classname="ashwani.TestCasePackage.TestCase1" name="playMusicOnYoutube" time="3.362">
    <skipped/>
  </testcase>
  <testcase classname="ashwani.TestCasePackage.TestCase1" name="searchandPlay" time="18.256"/>
  <testcase classname="ashwani.TestCasePackage.TestCase1" name="sortComments" time="19.562"/>
  <testcase classname="ashwani.TestCasePackage.TestCase2" name="getMeLive" time="22.16">
    <failure message="element not interactable
  (Session info: MicrosoftEdge=105.0.1343.53)
Build info: version: &apos;3.10.0&apos;, revision: &apos;176b4a9&apos;, time: &apos;2018-03-02T19:03:16.397Z&apos;
System info: host: &apos;ASHWANI_SINGH&apos;, ip: &apos;192.168.136.1&apos;, os.name: &apos;Windows 8.1&apos;, os.arch: &apos;amd64&apos;, os.version: &apos;6.3&apos;, java.version: &apos;1.8.0_11&apos;
Driver info: org.openqa.selenium.edge.EdgeDriver
Capabilities {acceptInsecureCerts: false, browserName: msedge, browserVersion: 105.0.1343.53, javascriptEnabled: true, ms:edgeOptions: {debuggerAddress: localhost:60902}, msedge: {msedgedriverVersion: 105.0.1343.42 (a7d028ad8493..., userDataDir: C:\Users\ASHWAN~1\AppData\L...}, networkConnectionEnabled: false, pageLoadStrategy: normal, platform: WINDOWS, platformName: WINDOWS, proxy: Proxy(), setWindowRect: true, strictFileInteractability: false, timeouts: {implicit: 0, pageLoad: 300000, script: 30000}, unhandledPromptBehavior: dismiss and notify, webauthn:extension:credBlob: true, webauthn:extension:largeBlob: true, webauthn:virtualAuthenticators: true}
Session ID: dcca8a3bb316bce66662b7f032891726" type="org.openqa.selenium.ElementNotInteractableException">org.openqa.selenium.ElementNotInteractableException: element not interactable
  (Session info: MicrosoftEdge=105.0.1343.53)
Build info: version: &apos;3.10.0&apos;, revision: &apos;176b4a9&apos;, time: &apos;2018-03-02T19:03:16.397Z&apos;
System info: host: &apos;ASHWANI_SINGH&apos;, ip: &apos;192.168.136.1&apos;, os.name: &apos;Windows 8.1&apos;, os.arch: &apos;amd64&apos;, os.version: &apos;6.3&apos;, java.version: &apos;1.8.0_11&apos;
Driver info: org.openqa.selenium.edge.EdgeDriver
Capabilities {acceptInsecureCerts: false, browserName: msedge, browserVersion: 105.0.1343.53, javascriptEnabled: true, ms:edgeOptions: {debuggerAddress: localhost:60902}, msedge: {msedgedriverVersion: 105.0.1343.42 (a7d028ad8493..., userDataDir: C:\Users\ASHWAN~1\AppData\L...}, networkConnectionEnabled: false, pageLoadStrategy: normal, platform: WINDOWS, platformName: WINDOWS, proxy: Proxy(), setWindowRect: true, strictFileInteractability: false, timeouts: {implicit: 0, pageLoad: 300000, script: 30000}, unhandledPromptBehavior: dismiss and notify, webauthn:extension:credBlob: true, webauthn:extension:largeBlob: true, webauthn:virtualAuthenticators: true}
Session ID: dcca8a3bb316bce66662b7f032891726
	at sun.reflect.NativeConstructorAccessorImpl.newInstance0(Native Method)
	at sun.reflect.NativeConstructorAccessorImpl.newInstance(NativeConstructorAccessorImpl.java:62)
	at sun.reflect.DelegatingConstructorAccessorImpl.newInstance(DelegatingConstructorAccessorImpl.java:45)
	at java.lang.reflect.Constructor.newInstance(Constructor.java:408)
	at org.openqa.selenium.remote.http.W3CHttpResponseCodec.createException(W3CHttpResponseCodec.java:187)
	at org.openqa.selenium.remote.http.W3CHttpResponseCodec.decode(W3CHttpResponseCodec.java:122)
	at org.openqa.selenium.remote.http.W3CHttpResponseCodec.decode(W3CHttpResponseCodec.java:49)
	at org.openqa.selenium.remote.HttpCommandExecutor.execute(HttpCommandExecutor.java:160)
	at org.openqa.selenium.remote.service.DriverCommandExecutor.execute(DriverCommandExecutor.java:83)
	at org.openqa.selenium.remote.RemoteWebDriver.execute(RemoteWebDriver.java:601)
	at org.openqa.selenium.remote.RemoteWebElement.execute(RemoteWebElement.java:279)
	at org.openqa.selenium.remote.RemoteWebElement.click(RemoteWebElement.java:83)
	at ashwani.YouTubeWebpagePackage.TrendingWebPage.TrendingAt(TrendingWebPage.java:37)
	at ashwani.TestCasePackage.TestCase2.getMeLive(TestCase2.java:53)
</failure>
    <system-out>TRENDING
Trending
5
</system-out>
    <system-err>Starting Microsoft Edge WebDriver 105.0.1343.42 (a7d028ad84939118c075a140c44731eec59a559e) on port 34526
To submit feedback, report a bug, or suggest new features, please visit https://github.com/MicrosoftEdge/EdgeWebDriver

Only local connections are allowed.
Please see https://aka.ms/WebDriverSecurity for suggestions on keeping Microsoft Edge WebDriver safe.

Microsoft Edge WebDriver was started successfully.
Sep 29, 2022 2:21:42 PM org.openqa.selenium.remote.ProtocolHandshake createSession
INFO: Detected dialect: W3C
</system-err>
  </testcase>
  <testcase classname="ashwani.TestCasePackage.TestCase2" name="getMeTrending" time="4.316"/>
</testsuite>