<?xml version="1.0" encoding="UTF-8"?>
<testng-results skipped="0" failed="2" total="6" passed="4">
  <reporter-output>
  </reporter-output>
  <suite name="Command line suite" duration-ms="179583" started-at="2022-09-29T08:49:43Z" finished-at="2022-09-29T08:52:43Z">
    <groups>
      <group name="Smoke">
        <method signature="TestCase1.playMusicOnYoutube(java.lang.String, java.lang.String)[pri:0, instance:ashwani.TestCasePackage.TestCase1@573f2bb1]" name="playMusicOnYoutube" class="ashwani.TestCasePackage.TestCase1"/>
        <method signature="TestCase1.sortComments()[pri:0, instance:ashwani.TestCasePackage.TestCase1@573f2bb1]" name="sortComments" class="ashwani.TestCasePackage.TestCase1"/>
        <method signature="TestCase2.getMeLive()[pri:0, instance:ashwani.TestCasePackage.TestCase2@6574b225]" name="getMeLive" class="ashwani.TestCasePackage.TestCase2"/>
      </group> <!-- Smoke -->
    </groups>
    <test name="Command line test" duration-ms="179583" started-at="2022-09-29T08:49:43Z" finished-at="2022-09-29T08:52:43Z">
      <class name="ashwani.TestCasePackage.TestCase1">
        <test-method status="PASS" signature="Invoke()[pri:0, instance:ashwani.TestCasePackage.TestCase1@573f2bb1]" name="Invoke" is-config="true" duration-ms="37435" started-at="2022-09-29T14:19:43Z" finished-at="2022-09-29T14:20:21Z">
          <reporter-output>
          </reporter-output>
        </test-method> <!-- Invoke -->
        <test-method status="PASS" signature="playFrmSubscriptionTab()[pri:0, instance:ashwani.TestCasePackage.TestCase1@573f2bb1]" name="playFrmSubscriptionTab" duration-ms="2963" started-at="2022-09-29T14:20:21Z" finished-at="2022-09-29T14:20:24Z">
          <reporter-output>
          </reporter-output>
        </test-method> <!-- playFrmSubscriptionTab -->
        <test-method status="PASS" signature="close()[pri:0, instance:ashwani.TestCasePackage.TestCase1@573f2bb1]" name="close" is-config="true" duration-ms="398" started-at="2022-09-29T14:20:24Z" finished-at="2022-09-29T14:20:24Z">
          <reporter-output>
          </reporter-output>
        </test-method> <!-- close -->
        <test-method status="FAIL" signature="playMusicOnYoutube(java.lang.String, java.lang.String)[pri:0, instance:ashwani.TestCasePackage.TestCase1@573f2bb1]" name="playMusicOnYoutube" duration-ms="0" started-at="2022-09-29T14:20:24Z" finished-at="2022-09-29T14:20:24Z">
          <exception class="org.testng.TestNGException">
            <message>
              <![CDATA[
Parameter 'user' is required by @Test on method playMusicOnYoutube but has not been marked @Optional or defined
]]>
            </message>
            <full-stacktrace>
              <![CDATA[org.testng.TestNGException: 
Parameter 'user' is required by @Test on method playMusicOnYoutube but has not been marked @Optional or defined

	at org.testng.internal.Parameters.createParameters(Parameters.java:155)
	at org.testng.internal.Parameters.createParameters(Parameters.java:355)
	at org.testng.internal.Parameters.handleParameters(Parameters.java:447)
	at org.testng.internal.Invoker.handleParameters(Invoker.java:1383)
	at org.testng.internal.Invoker.createParameters(Invoker.java:1075)
	at org.testng.internal.Invoker.invokeTestMethods(Invoker.java:1180)
	at org.testng.internal.TestMethodWorker.invokeTestMethods(TestMethodWorker.java:127)
	at org.testng.internal.TestMethodWorker.run(TestMethodWorker.java:111)
	at org.testng.TestRunner.privateRun(TestRunner.java:767)
	at org.testng.TestRunner.run(TestRunner.java:617)
	at org.testng.SuiteRunner.runTest(SuiteRunner.java:334)
	at org.testng.SuiteRunner.runSequentially(SuiteRunner.java:329)
	at org.testng.SuiteRunner.privateRun(SuiteRunner.java:291)
	at org.testng.SuiteRunner.run(SuiteRunner.java:240)
	at org.testng.SuiteRunnerWorker.runSuite(SuiteRunnerWorker.java:52)
	at org.testng.SuiteRunnerWorker.run(SuiteRunnerWorker.java:86)
	at org.testng.TestNG.runSuitesSequentially(TestNG.java:1198)
	at org.testng.TestNG.runSuitesLocally(TestNG.java:1123)
	at org.testng.TestNG.run(TestNG.java:1031)
	at org.apache.maven.surefire.testng.TestNGExecutor.run(TestNGExecutor.java:77)
	at org.apache.maven.surefire.testng.TestNGDirectoryTestSuite.executeMulti(TestNGDirectoryTestSuite.java:159)
	at org.apache.maven.surefire.testng.TestNGDirectoryTestSuite.execute(TestNGDirectoryTestSuite.java:99)
	at org.apache.maven.surefire.testng.TestNGProvider.invoke(TestNGProvider.java:106)
	at sun.reflect.NativeMethodAccessorImpl.invoke0(Native Method)
	at sun.reflect.NativeMethodAccessorImpl.invoke(NativeMethodAccessorImpl.java:62)
	at sun.reflect.DelegatingMethodAccessorImpl.invoke(DelegatingMethodAccessorImpl.java:43)
	at java.lang.reflect.Method.invoke(Method.java:483)
	at org.apache.maven.surefire.util.ReflectionUtils.invokeMethodWithArray(ReflectionUtils.java:189)
	at org.apache.maven.surefire.booter.ProviderFactory$ProviderProxy.invoke(ProviderFactory.java:165)
	at org.apache.maven.surefire.booter.ProviderFactory.invokeProvider(ProviderFactory.java:85)
	at org.apache.maven.surefire.booter.ForkedBooter.runSuitesInProcess(ForkedBooter.java:115)
	at org.apache.maven.surefire.booter.ForkedBooter.main(ForkedBooter.java:75)
]]>
            </full-stacktrace>
          </exception> <!-- org.testng.TestNGException -->
          <reporter-output>
          </reporter-output>
        </test-method> <!-- playMusicOnYoutube -->
        <test-method status="PASS" signature="Invoke()[pri:0, instance:ashwani.TestCasePackage.TestCase1@573f2bb1]" name="Invoke" is-config="true" duration-ms="18034" started-at="2022-09-29T14:20:24Z" finished-at="2022-09-29T14:20:42Z">
          <reporter-output>
          </reporter-output>
        </test-method> <!-- Invoke -->
        <test-method status="PASS" signature="searchandPlay()[pri:0, instance:ashwani.TestCasePackage.TestCase1@573f2bb1]" name="searchandPlay" duration-ms="18258" started-at="2022-09-29T14:20:42Z" finished-at="2022-09-29T14:21:01Z">
          <reporter-output>
          </reporter-output>
        </test-method> <!-- searchandPlay -->
        <test-method status="PASS" signature="close()[pri:0, instance:ashwani.TestCasePackage.TestCase1@573f2bb1]" name="close" is-config="true" duration-ms="1232" started-at="2022-09-29T14:21:01Z" finished-at="2022-09-29T14:21:02Z">
          <reporter-output>
          </reporter-output>
        </test-method> <!-- close -->
        <test-method status="PASS" signature="Invoke()[pri:0, instance:ashwani.TestCasePackage.TestCase1@573f2bb1]" name="Invoke" is-config="true" duration-ms="15075" started-at="2022-09-29T14:21:02Z" finished-at="2022-09-29T14:21:17Z">
          <reporter-output>
          </reporter-output>
        </test-method> <!-- Invoke -->
        <test-method status="PASS" signature="sortComments()[pri:0, instance:ashwani.TestCasePackage.TestCase1@573f2bb1]" name="sortComments" duration-ms="19563" started-at="2022-09-29T14:21:17Z" finished-at="2022-09-29T14:21:36Z">
          <reporter-output>
          </reporter-output>
        </test-method> <!-- sortComments -->
        <test-method status="PASS" signature="close()[pri:0, instance:ashwani.TestCasePackage.TestCase1@573f2bb1]" name="close" is-config="true" duration-ms="2186" started-at="2022-09-29T14:21:36Z" finished-at="2022-09-29T14:21:39Z">
          <reporter-output>
          </reporter-output>
        </test-method> <!-- close -->
      </class> <!-- ashwani.TestCasePackage.TestCase1 -->
      <class name="ashwani.TestCasePackage.TestCase2">
        <test-method status="PASS" signature="Invoke()[pri:0, instance:ashwani.TestCasePackage.TestCase2@6574b225]" name="Invoke" is-config="true" duration-ms="19649" started-at="2022-09-29T14:21:39Z" finished-at="2022-09-29T14:21:58Z">
          <reporter-output>
          </reporter-output>
        </test-method> <!-- Invoke -->
        <test-method status="FAIL" signature="getMeLive()[pri:0, instance:ashwani.TestCasePackage.TestCase2@6574b225]" name="getMeLive" duration-ms="22148" started-at="2022-09-29T14:21:58Z" finished-at="2022-09-29T14:22:20Z">
          <exception class="org.openqa.selenium.ElementNotInteractableException">
            <message>
              <![CDATA[element not interactable
  (Session info: MicrosoftEdge=105.0.1343.53)
Build info: version: '3.10.0', revision: '176b4a9', time: '2018-03-02T19:03:16.397Z'
System info: host: 'ASHWANI_SINGH', ip: '192.168.136.1', os.name: 'Windows 8.1', os.arch: 'amd64', os.version: '6.3', java.version: '1.8.0_11'
Driver info: org.openqa.selenium.edge.EdgeDriver
Capabilities {acceptInsecureCerts: false, browserName: msedge, browserVersion: 105.0.1343.53, javascriptEnabled: true, ms:edgeOptions: {debuggerAddress: localhost:60902}, msedge: {msedgedriverVersion: 105.0.1343.42 (a7d028ad8493..., userDataDir: C:\Users\ASHWAN~1\AppData\L...}, networkConnectionEnabled: false, pageLoadStrategy: normal, platform: WINDOWS, platformName: WINDOWS, proxy: Proxy(), setWindowRect: true, strictFileInteractability: false, timeouts: {implicit: 0, pageLoad: 300000, script: 30000}, unhandledPromptBehavior: dismiss and notify, webauthn:extension:credBlob: true, webauthn:extension:largeBlob: true, webauthn:virtualAuthenticators: true}
Session ID: dcca8a3bb316bce66662b7f032891726]]>
            </message>
            <full-stacktrace>
              <![CDATA[org.openqa.selenium.ElementNotInteractableException: element not interactable
  (Session info: MicrosoftEdge=105.0.1343.53)
Build info: version: '3.10.0', revision: '176b4a9', time: '2018-03-02T19:03:16.397Z'
System info: host: 'ASHWANI_SINGH', ip: '192.168.136.1', os.name: 'Windows 8.1', os.arch: 'amd64', os.version: '6.3', java.version: '1.8.0_11'
Driver info: org.openqa.selenium.edge.EdgeDriver
Capabilities {acceptInsecureCerts: false, browserName: msedge, browserVersion: 105.0.1343.53, javascriptEnabled: true, ms:edgeOptions: {debuggerAddress: localhost:60902}, msedge: {msedgedriverVersion: 105.0.1343.42 (a7d028ad8493..., userDataDir: C:\Users\ASHWAN~1\AppData\L...}, networkConnectionEnabled: false, pageLoadStrategy: normal, platform: WINDOWS, platformName: WINDOWS, proxy: Proxy(), setWindowRect: true, strictFileInteractability: false, timeouts: {implicit: 0, pageLoad: 300000, script: 30000}, unhandledPromptBehavior: dismiss and notify, webauthn:extension:credBlob: true, webauthn:extension:largeBlob: true, webauthn:virtualAuthenticators: true}
Session ID: dcca8a3bb316bce66662b7f032891726
	at sun.reflect.NativeConstructorAccessorImpl.newInstance0(Native Method)
	at sun.reflect.NativeConstructorAccessorImpl.newInstance(NativeConstructorAccessorImpl.java:62)
	at sun.reflect.DelegatingConstructorAccessorImpl.newInstance(DelegatingConstructorAccessorImpl.java:45)
	at java.lang.reflect.Constructor.newInstance(Constructor.java:408)
	at org.openqa.selenium.remote.http.W3CHttpResponseCodec.createException(W3CHttpResponseCodec.java:187)
	at org.openqa.selenium.remote.http.W3CHttpResponseCodec.decode(W3CHttpResponseCodec.java:122)
	at org.openqa.selenium.remote.http.W3CHttpResponseCodec.decode(W3CHttpResponseCodec.java:49)
	at org.openqa.selenium.remote.HttpCommandExecutor.execute(HttpCommandExecutor.java:160)
	at org.openqa.selenium.remote.service.DriverCommandExecutor.execute(DriverCommandExecutor.java:83)
	at org.openqa.selenium.remote.RemoteWebDriver.execute(RemoteWebDriver.java:601)
	at org.openqa.selenium.remote.RemoteWebElement.execute(RemoteWebElement.java:279)
	at org.openqa.selenium.remote.RemoteWebElement.click(RemoteWebElement.java:83)
	at ashwani.YouTubeWebpagePackage.TrendingWebPage.TrendingAt(TrendingWebPage.java:37)
	at ashwani.TestCasePackage.TestCase2.getMeLive(TestCase2.java:53)
	at sun.reflect.NativeMethodAccessorImpl.invoke0(Native Method)
	at sun.reflect.NativeMethodAccessorImpl.invoke(NativeMethodAccessorImpl.java:62)
	at sun.reflect.DelegatingMethodAccessorImpl.invoke(DelegatingMethodAccessorImpl.java:43)
	at java.lang.reflect.Method.invoke(Method.java:483)
	at org.testng.internal.MethodInvocationHelper.invokeMethod(MethodInvocationHelper.java:80)
	at org.testng.internal.Invoker.invokeMethod(Invoker.java:714)
	at org.testng.internal.Invoker.invokeTestMethod(Invoker.java:901)
	at org.testng.internal.Invoker.invokeTestMethods(Invoker.java:1231)
	at org.testng.internal.TestMethodWorker.invokeTestMethods(TestMethodWorker.java:127)
	at org.testng.internal.TestMethodWorker.run(TestMethodWorker.java:111)
	at org.testng.TestRunner.privateRun(TestRunner.java:767)
	at org.testng.TestRunner.run(TestRunner.java:617)
	at org.testng.SuiteRunner.runTest(SuiteRunner.java:334)
	at org.testng.SuiteRunner.runSequentially(SuiteRunner.java:329)
	at org.testng.SuiteRunner.privateRun(SuiteRunner.java:291)
	at org.testng.SuiteRunner.run(SuiteRunner.java:240)
	at org.testng.SuiteRunnerWorker.runSuite(SuiteRunnerWorker.java:52)
	at org.testng.SuiteRunnerWorker.run(SuiteRunnerWorker.java:86)
	at org.testng.TestNG.runSuitesSequentially(TestNG.java:1198)
	at org.testng.TestNG.runSuitesLocally(TestNG.java:1123)
	at org.testng.TestNG.run(TestNG.java:1031)
	at org.apache.maven.surefire.testng.TestNGExecutor.run(TestNGExecutor.java:77)
	at org.apache.maven.surefire.testng.TestNGDirectoryTestSuite.executeMulti(TestNGDirectoryTestSuite.java:159)
	at org.apache.maven.surefire.testng.TestNGDirectoryTestSuite.execute(TestNGDirectoryTestSuite.java:99)
	at org.apache.maven.surefire.testng.TestNGProvider.invoke(TestNGProvider.java:106)
	at sun.reflect.NativeMethodAccessorImpl.invoke0(Native Method)
	at sun.reflect.NativeMethodAccessorImpl.invoke(NativeMethodAccessorImpl.java:62)
	at sun.reflect.DelegatingMethodAccessorImpl.invoke(DelegatingMethodAccessorImpl.java:43)
	at java.lang.reflect.Method.invoke(Method.java:483)
	at org.apache.maven.surefire.util.ReflectionUtils.invokeMethodWithArray(ReflectionUtils.java:189)
	at org.apache.maven.surefire.booter.ProviderFactory$ProviderProxy.invoke(ProviderFactory.java:165)
	at org.apache.maven.surefire.booter.ProviderFactory.invokeProvider(ProviderFactory.java:85)
	at org.apache.maven.surefire.booter.ForkedBooter.runSuitesInProcess(ForkedBooter.java:115)
	at org.apache.maven.surefire.booter.ForkedBooter.main(ForkedBooter.java:75)
]]>
            </full-stacktrace>
          </exception> <!-- org.openqa.selenium.ElementNotInteractableException -->
          <reporter-output>
          </reporter-output>
        </test-method> <!-- getMeLive -->
        <test-method status="PASS" signature="close()[pri:0, instance:ashwani.TestCasePackage.TestCase2@6574b225]" name="close" is-config="true" duration-ms="1720" started-at="2022-09-29T14:22:20Z" finished-at="2022-09-29T14:22:22Z">
          <reporter-output>
          </reporter-output>
        </test-method> <!-- close -->
        <test-method status="PASS" signature="Invoke()[pri:0, instance:ashwani.TestCasePackage.TestCase2@6574b225]" name="Invoke" is-config="true" duration-ms="15516" started-at="2022-09-29T14:22:22Z" finished-at="2022-09-29T14:22:38Z">
          <reporter-output>
          </reporter-output>
        </test-method> <!-- Invoke -->
        <test-method status="PASS" signature="getMeTrending()[pri:0, instance:ashwani.TestCasePackage.TestCase2@6574b225]" name="getMeTrending" duration-ms="4323" started-at="2022-09-29T14:22:38Z" finished-at="2022-09-29T14:22:42Z">
          <reporter-output>
          </reporter-output>
        </test-method> <!-- getMeTrending -->
        <test-method status="PASS" signature="close()[pri:0, instance:ashwani.TestCasePackage.TestCase2@6574b225]" name="close" is-config="true" duration-ms="1046" started-at="2022-09-29T14:22:42Z" finished-at="2022-09-29T14:22:43Z">
          <reporter-output>
          </reporter-output>
        </test-method> <!-- close -->
      </class> <!-- ashwani.TestCasePackage.TestCase2 -->
    </test> <!-- Command line test -->
  </suite> <!-- Command line suite -->
</testng-results>
