<?xml version="1.0" encoding="UTF-8"?>
<testng-results skipped="0" failed="0" total="1" passed="1">
  <reporter-output>
  </reporter-output>
  <suite name="Suite" duration-ms="42344" started-at="2022-09-29T11:45:52Z" finished-at="2022-09-29T11:46:34Z">
    <groups>
      <group name="Smoke">
        <method signature="TestCase1.playMusicOnYoutube(java.lang.String, java.lang.String)[pri:0, instance:ashwani.TestCasePackage.TestCase1@566776ad]" name="playMusicOnYoutube" class="ashwani.TestCasePackage.TestCase1"/>
      </group> <!-- Smoke -->
    </groups>
    <test name="Test1" duration-ms="41479" started-at="2022-09-29T11:45:52Z" finished-at="2022-09-29T11:46:33Z">
      <class name="ashwani.TestCasePackage.TestCase1">
        <test-method status="PASS" signature="Invoke()[pri:0, instance:ashwani.TestCasePackage.TestCase1@566776ad]" name="Invoke" is-config="true" duration-ms="39032" started-at="2022-09-29T17:15:52Z" finished-at="2022-09-29T17:16:31Z">
          <reporter-output>
          </reporter-output>
        </test-method> <!-- Invoke -->
        <test-method status="PASS" signature="playMusicOnYoutube(java.lang.String, java.lang.String)[pri:0, instance:ashwani.TestCasePackage.TestCase1@566776ad]" name="playMusicOnYoutube" duration-ms="2195" started-at="2022-09-29T17:16:31Z" finished-at="2022-09-29T17:16:33Z">
          <params>
            <param index="0">
              <value>
                <![CDATA[Ashwani]]>
              </value>
            </param>
            <param index="1">
              <value>
                <![CDATA[Alka]]>
              </value>
            </param>
          </params>
          <reporter-output>
          </reporter-output>
        </test-method> <!-- playMusicOnYoutube -->
      </class> <!-- ashwani.TestCasePackage.TestCase1 -->
    </test> <!-- Test1 -->
    <test name="Test2" duration-ms="1" started-at="2022-09-29T11:46:34Z" finished-at="2022-09-29T11:46:34Z">
    </test> <!-- Test2 -->
  </suite> <!-- Suite -->
</testng-results>
